2024-12-28 16:10:50.305 - DBeaver 24.3.1.202412221611 is starting
2024-12-28 16:10:50.307 - OS: Windows 10 10.0 (amd64)
2024-12-28 16:10:50.308 - Java version: 17.0.6 by Eclipse Adoptium (64bit)
2024-12-28 16:10:50.308 - Install path: 'C:\KoreaIT\springtoolsuit\resource\dbeaver'
2024-12-28 16:10:50.309 - Instance path: 'file:/C:/KoreaIT/springtoolsuit/workspace/'
2024-12-28 16:10:50.312 - Memory available 64Mb/1024Mb
2024-12-28 16:10:50.313 - Platform not initialized: metadata folder may be not set
> Start Eclipse IDE UI [org.eclipse.ui.ide 3.22.400.v20241031-2136]
2024-12-28 16:10:50.398 - Initialize desktop platform...
2024-12-28 16:10:50.679 - BounceCastle bundle found. Use JCE provider BC
> Start Core File Systems [org.eclipse.core.filesystem 1.11.100.v20241022-0806]
> Start Core Resource Management [org.eclipse.core.resources 3.22.0.v20241001-1711]
> Start 팀 지원 핵심 [org.eclipse.team.core 3.10.500.v20240621-0541]
> Start DBeaver UI Navigator [org.jkiss.dbeaver.ui.navigator 1.0.145.202412221611]
2024-12-28 16:10:51.086 - Initialize base platform...
> Start DBeaver UI Editors - Base [org.jkiss.dbeaver.ui.editors.base 1.0.145.202412221611]
2024-12-28 16:10:51.127 - Platform initialized (729ms)
2024-12-28 16:10:51.260 - Starting instance server at http://localhost:13973
2024-12-28 16:10:51.290 - Run workbench
> Start Eclipse e4 작업영역 SWT [org.eclipse.e4.ui.workbench.swt 0.17.600.v20241015-1729]
> Start Eclipse Application Services [org.eclipse.e4.core.services 2.5.0.v20241015-2219]
> Start Eclipse UI Application Services [org.eclipse.e4.ui.services 1.6.400.v20241015-1729]
> Start Eclipse e4 Progress View [org.eclipse.e4.ui.progress 0.4.700.v20241015-1729]
> Start Eclipse Bindings Support [org.eclipse.e4.ui.bindings 0.14.500.v20241015-1729]
> Start Eclipse e4 core commands [org.eclipse.e4.core.commands 1.1.500.v20241015-1729]
> Start EMF XML/XMI Persistence [org.eclipse.emf.ecore.xmi 2.38.0.v20240721-0634]
> Start Eclipse CSS SWT Theme Support [org.eclipse.e4.ui.css.swt.theme 0.14.400.v20240424-0956]
> Start Eclipse e4 작업영역 기능 추가 [org.eclipse.e4.ui.workbench.addons.swt 1.5.600.v20241107-2150]
> Start Eclipse e4 작업영역 SWT 렌더러 [org.eclipse.e4.ui.workbench.renderers.swt 0.16.600.v20241008-1401]
> Start Eclipse Dependency Injection Extensions [org.eclipse.e4.core.di.extensions 0.18.300.v20240413-1529]
> Start Eclipse CSS SWT Support [org.eclipse.e4.ui.css.swt 0.15.400.v20240321-1245]
> Start 기본 문서 편집기 [org.eclipse.ui.editors 3.19.0.v20241106-0945]
> Start 텍스트 편집기 프레임워크 [org.eclipse.ui.workbench.texteditor 3.19.0.v20241112-1917]
2024-12-28 16:10:54.500 - Configure workbench window
> Start DBeaver SQL Model [org.jkiss.dbeaver.model.sql 1.0.135.202412221611]
2024-12-28 16:10:54.769 - Total database drivers: 123 (123)
> Start 도움말 시스템 코어 [org.eclipse.help 3.10.400.v20240415-0528]
2024-12-28 16:10:57.321 - Create actions
2024-12-28 16:10:57.337 - Disable Eclipse action set 'org.eclipse.ui.edit.text.actionSet.annotationNavigation'
2024-12-28 16:10:57.338 - Disable Eclipse action set 'org.eclipse.ui.WorkingSetActionSet'
2024-12-28 16:10:57.339 - Disable Eclipse action set 'org.eclipse.ui.actionSet.openFiles'
2024-12-28 16:10:57.340 - Create workbench actions
2024-12-28 16:10:59.731 - Initialize workbench window
2024-12-28 16:10:59.738 - Finish initialization
> Start DBeaver UI Editors - Data [org.jkiss.dbeaver.ui.editors.data 1.0.145.202412221611]
> Start 인터넷 연결 관리 사용자 인터페이스 [org.eclipse.ui.net 1.5.400.v20240413-1529]
> Start Internet Connection Management [org.eclipse.core.net 1.5.500.v20240625-1706]
Warning: NLS unused message: actions_navigator__objects in: org.jkiss.dbeaver.ui.editors.sql.internal.SQLEditorMessages
> Start DBeaver UI Editors - SQL [org.jkiss.dbeaver.ui.editors.sql 1.0.145.202412221611]
> Start DBeaver Sample Database [org.jkiss.dbeaver.ext.sample.database 1.0.182.202412221611]
> Start DBeaver Tip of the day [org.jkiss.dbeaver.ext.ui.tipoftheday 1.0.151.202412221611]
2024-12-28 16:11:04.036 - Open [https://dbeaver.io/product/version.xml]
> Start GEF Classic Draw2d [org.eclipse.draw2d 3.18.0.202411181923]
> Start GEF Classic GEF (MVC) [org.eclipse.gef 3.20.0.202411181923]
> Start DBeaver ERD UI [org.jkiss.dbeaver.erd.ui 3.0.105.202412221611]
> Start DBeaver ERD Model [org.jkiss.dbeaver.erd.model 1.0.105.202412221611]
> Start DBeaver Dashboard UI [org.jkiss.dbeaver.ui.dashboard 1.0.142.202412221611]
2024-12-28 16:11:46.807 - Dispose navigator model
2024-12-28 16:11:47.229 - DBeaver is stopping
2024-12-28 16:11:47.231 - Stop instance server
2024-12-28 16:11:48.240 - Instance server has been stopped
2024-12-28 16:11:48.240 - DBeaver shutdown completed
